<?xml version="1.0" encoding="utf-8"?><testsuites name="pytest tests"><testsuite name="pytest" errors="0" failures="0" skipped="0" tests="26" time="2.603" timestamp="2026-01-31T22:01:33.959606+00:00" hostname="agent-env-b53a1200-34d7-462e-8f40-bcee280ac398"><testcase classname="backend.tests.test_blueview_full.TestHealthAndRoot" name="test_health_check" time="0.085" /><testcase classname="backend.tests.test_blueview_full.TestHealthAndRoot" name="test_root_endpoint" time="0.035" /><testcase classname="backend.tests.test_blueview_full.TestAuthentication" name="test_login_success" time="0.304" /><testcase classname="backend.tests.test_blueview_full.TestAuthentication" name="test_login_invalid_credentials" time="0.040" /><testcase classname="backend.tests.test_blueview_full.TestAuthentication" name="test_login_missing_fields" time="0.040" /><testcase classname="backend.tests.test_blueview_full.TestAuthentication" name="test_get_me_with_token" time="0.297" /><testcase classname="backend.tests.test_blueview_full.TestAuthentication" name="test_get_me_without_token" time="0.045" /><testcase classname="backend.tests.test_blueview_full.TestProjects" name="test_get_all_projects" time="0.040" /><testcase classname="backend.tests.test_blueview_full.TestProjects" name="test_get_project_by_id" time="0.049" /><testcase classname="backend.tests.test_blueview_full.TestProjects" name="test_get_projects_unauthorized" time="0.036" /><testcase classname="backend.tests.test_blueview_full.TestNFCTags" name="test_get_nfc_tag_info_not_found" time="0.035" /><testcase classname="backend.tests.test_blueview_full.TestNFCTags" name="test_get_project_nfc_tags" time="0.038" /><testcase classname="backend.tests.test_blueview_full.TestNFCTags" name="test_add_and_delete_nfc_tag" time="0.172" /><testcase classname="backend.tests.test_blueview_full.TestAdminUsers" name="test_get_all_users" time="0.033" /><testcase classname="backend.tests.test_blueview_full.TestAdminUsers" name="test_get_all_users_unauthorized" time="0.032" /><testcase classname="backend.tests.test_blueview_full.TestAdminUsers" name="test_create_update_delete_user" time="0.439" /><testcase classname="backend.tests.test_blueview_full.TestAdminSubcontractors" name="test_get_all_subcontractors" time="0.039" /><testcase classname="backend.tests.test_blueview_full.TestAdminSubcontractors" name="test_get_all_subcontractors_unauthorized" time="0.034" /><testcase classname="backend.tests.test_blueview_full.TestAdminSubcontractors" name="test_create_update_delete_subcontractor" time="0.407" /><testcase classname="backend.tests.test_blueview_full.TestDropboxIntegration" name="test_get_dropbox_status" time="0.038" /><testcase classname="backend.tests.test_blueview_full.TestDropboxIntegration" name="test_get_dropbox_auth_url" time="0.037" /><testcase classname="backend.tests.test_blueview_full.TestDropboxIntegration" name="test_dropbox_status_unauthorized" time="0.034" /><testcase classname="backend.tests.test_blueview_full.TestDashboardStats" name="test_get_dashboard_stats" time="0.041" /><testcase classname="backend.tests.test_blueview_full.TestDashboardStats" name="test_dashboard_stats_unauthorized" time="0.034" /><testcase classname="backend.tests.test_blueview_full.TestWorkers" name="test_get_all_workers" time="0.032" /><testcase classname="backend.tests.test_blueview_full.TestWorkers" name="test_register_worker_public" time="0.040" /></testsuite></testsuites>