<?xml version="1.0" encoding="utf-8"?><testsuites name="pytest tests"><testsuite name="pytest" errors="0" failures="0" skipped="0" tests="11" time="6.031" timestamp="2026-01-31T20:42:20.221055+00:00" hostname="agent-env-1540d9ff-2327-481c-bb04-abca2d8ba219"><testcase classname="backend.tests.test_api_integration.TestAuthentication" name="test_login_success" time="0.653" /><testcase classname="backend.tests.test_api_integration.TestAuthentication" name="test_login_invalid_credentials" time="0.279" /><testcase classname="backend.tests.test_api_integration.TestAuthentication" name="test_get_me_with_token" time="0.885" /><testcase classname="backend.tests.test_api_integration.TestAdminUsers" name="test_get_all_users" time="0.742" /><testcase classname="backend.tests.test_api_integration.TestAdminUsers" name="test_get_all_users_unauthorized" time="0.211" /><testcase classname="backend.tests.test_api_integration.TestAdminSubcontractors" name="test_get_all_subcontractors" time="0.899" /><testcase classname="backend.tests.test_api_integration.TestAdminSubcontractors" name="test_get_all_subcontractors_unauthorized" time="0.216" /><testcase classname="backend.tests.test_api_integration.TestNFCTags" name="test_get_tag_info_not_found" time="0.216" /><testcase classname="backend.tests.test_api_integration.TestNFCTags" name="test_get_tag_info_invalid_tag" time="0.222" /><testcase classname="backend.tests.test_api_integration.TestProjects" name="test_get_all_projects" time="0.835" /><testcase classname="backend.tests.test_api_integration.TestWorkers" name="test_get_all_workers" time="0.769" /></testsuite></testsuites>